usage: run_batch_of_slides.py [-h] [--gpu GPU] [--task {seg,coords,feat,all}]
                              --job_dir JOB_DIR [--skip_errors]
                              [--max_workers MAX_WORKERS]
                              [--batch_size BATCH_SIZE]
                              [--wsi_cache WSI_CACHE]
                              [--cache_batch_size CACHE_BATCH_SIZE] --wsi_dir
                              WSI_DIR [--wsi_ext WSI_EXT [WSI_EXT ...]]
                              [--custom_mpp_keys CUSTOM_MPP_KEYS [CUSTOM_MPP_KEYS ...]]
                              [--custom_list_of_wsis CUSTOM_LIST_OF_WSIS]
                              [--reader_type {openslide,image,cucim}]
                              [--search_nested] [--segmenter {hest,grandqc}]
                              [--seg_conf_thresh SEG_CONF_THRESH]
                              [--remove_holes] [--remove_artifacts]
                              [--remove_penmarks]
                              [--seg_batch_size SEG_BATCH_SIZE]
                              [--mag {5,10,20,40,80}]
                              [--patch_size PATCH_SIZE] [--overlap OVERLAP]
                              [--min_tissue_proportion MIN_TISSUE_PROPORTION]
                              [--coords_dir COORDS_DIR]
                              [--patch_encoder {conch_v1,uni_v1,uni_v2,ctranspath,phikon,resnet50,gigapath,virchow,virchow2,hoptimus0,hoptimus1,phikon_v2,conch_v15,musk,hibou_l,kaiko-vits8,kaiko-vits16,kaiko-vitb8,kaiko-vitb16,kaiko-vitl14,lunit-vits8,midnight12k,univ2_distill,univ2_distill_head}]
                              [--patch_encoder_ckpt_path PATCH_ENCODER_CKPT_PATH]
                              [--slide_encoder {threads,titan,prism,gigapath,chief,madeleine,mean-virchow,mean-virchow2,mean-conch_v1,mean-conch_v15,mean-ctranspath,mean-gigapath,mean-resnet50,mean-hoptimus0,mean-phikon,mean-phikon_v2,mean-musk,mean-uni_v1,mean-uni_v2}]
                              [--feat_batch_size FEAT_BATCH_SIZE]
run_batch_of_slides.py: error: unrecognized arguments:  
/var/spool/slurmd/job1158905/slurm_script: line 22: --patch_encoder_ckpt_path: command not found
