Temporary directory: /tmp/slurmtmp.1509047/tmp.dLLOnlxOut
sending incremental file list
COAD/
COAD/001b7d97-9425-43c3-a9a3-a36cb3d2a591/
COAD/001b7d97-9425-43c3-a9a3-a36cb3d2a591/TCGA-A6-2686-01Z-00-DX1.0540a027-2a0c-46c7-9af0-7b8672631de7.svs
COAD/001b7d97-9425-43c3-a9a3-a36cb3d2a591/logs/
COAD/00d69f69-3120-4b0c-8985-aab4edf9bc4b/
COAD/00d69f69-3120-4b0c-8985-aab4edf9bc4b/TCGA-D5-5539-01Z-00-DX1.9c46fe78-2adb-4f49-9141-cda135c2c90b.svs
COAD/00d69f69-3120-4b0c-8985-aab4edf9bc4b/logs/
COAD/011da0ba-03eb-41cd-ae90-2dca944410e5/
COAD/011da0ba-03eb-41cd-ae90-2dca944410e5/TCGA-A6-2683-01Z-00-DX1.0dfc5d0a-68f4-45e1-a879-0428313c6dbc.svs
COAD/011da0ba-03eb-41cd-ae90-2dca944410e5/logs/
COAD/01f2d311-0825-4c67-af09-cf1a5ae6b1af/
COAD/01f2d311-0825-4c67-af09-cf1a5ae6b1af/TCGA-F4-6459-01Z-00-DX1.80a78213-1137-4521-9d60-ac64813dec4c.svs
COAD/01f2d311-0825-4c67-af09-cf1a5ae6b1af/logs/
COAD/021821c9-68f3-4be3-97ec-4ade5b4aaa60/
COAD/021821c9-68f3-4be3-97ec-4ade5b4aaa60/TCGA-AY-4070-01Z-00-DX1.dd650ac6-8480-4fd8-85b8-15a7840a5933.svs
COAD/021821c9-68f3-4be3-97ec-4ade5b4aaa60/logs/
COAD/023ca8d1-d8ef-492e-b542-e5e16e1ded09/
COAD/023ca8d1-d8ef-492e-b542-e5e16e1ded09/TCGA-A6-6653-01Z-00-DX1.e130666d-2681-4382-9e7a-4a4d27cb77a4.svs
COAD/023ca8d1-d8ef-492e-b542-e5e16e1ded09/logs/
COAD/02a30d63-1da6-42d0-ab89-b4992ddcacec/
COAD/02a30d63-1da6-42d0-ab89-b4992ddcacec/TCGA-DM-A1D8-01Z-00-DX1.2DD544F5-D72F-4840-B2D3-F361E032EA3B.svs
COAD/02a30d63-1da6-42d0-ab89-b4992ddcacec/logs/
COAD/03d1d2c0-b00c-4b48-af63-70ca7300ed15/
COAD/03d1d2c0-b00c-4b48-af63-70ca7300ed15/TCGA-A6-5657-01Z-00-DX1.d0cab3dd-8758-4a3e-8bb2-7cd9411dbeb6.svs
COAD/03d1d2c0-b00c-4b48-af63-70ca7300ed15/logs/
COAD/03e74334-057d-47f1-9651-4a270ca1f943/
COAD/03e74334-057d-47f1-9651-4a270ca1f943/TCGA-CK-4950-01Z-00-DX1.03dcc4c2-2b63-45a2-8561-bf18193202b5.svs
COAD/03e74334-057d-47f1-9651-4a270ca1f943/logs/
COAD/04d586ad-4f74-453f-a9c6-f8bd134ae11c/
COAD/04d586ad-4f74-453f-a9c6-f8bd134ae11c/TCGA-4T-AA8H-01Z-00-DX1.A46C759C-74A2-4724-B6B5-DECA0D16E029.svs
COAD/04d586ad-4f74-453f-a9c6-f8bd134ae11c/logs/
COAD/0595727b-58bb-45e8-8a54-ce1e8e9df83a/
COAD/0595727b-58bb-45e8-8a54-ce1e8e9df83a/TCGA-T9-A92H-01Z-00-DX1.9BA130C5-CAEF-4452-BB1F-61963B0DA3C5.svs
COAD/0595727b-58bb-45e8-8a54-ce1e8e9df83a/logs/
COAD/05b07eb8-5db7-4755-8a0c-900059c0e3af/
COAD/05b07eb8-5db7-4755-8a0c-900059c0e3af/TCGA-CA-6718-01Z-00-DX1.9774472f-a29a-4b2b-8e50-ccbf9e5f9686.svs
COAD/05b07eb8-5db7-4755-8a0c-900059c0e3af/logs/
COAD/05d5bb0d-6a62-4967-92c0-f4e9bc53a0b4/
COAD/05d5bb0d-6a62-4967-92c0-f4e9bc53a0b4/TCGA-CA-5796-01Z-00-DX1.88141789-4240-4ab7-8db1-e4cb7ee1ebda.svs
COAD/05d5bb0d-6a62-4967-92c0-f4e9bc53a0b4/logs/
COAD/064f3779-aeb1-4be1-9b86-76edc95a5c28/
COAD/064f3779-aeb1-4be1-9b86-76edc95a5c28/TCGA-D5-6535-01Z-00-DX1.0d7485ff-cf98-4c86-8a61-c7364f41b8b0.svs
COAD/064f3779-aeb1-4be1-9b86-76edc95a5c28/logs/
COAD/06a6a408-3198-4911-bdea-8e56cd0554a3/
COAD/06a6a408-3198-4911-bdea-8e56cd0554a3/TCGA-CM-5863-01Z-00-DX1.2dceed07-9373-4103-be16-533dac9f283b.svs
COAD/06a6a408-3198-4911-bdea-8e56cd0554a3/logs/
COAD/06c18d96-66e2-4f68-834c-3da4bc9878da/
COAD/06c18d96-66e2-4f68-834c-3da4bc9878da/TCGA-AA-3814-01Z-00-DX1.15a569dc-30d6-4bef-908b-6183df4e9e01.svs
COAD/06c18d96-66e2-4f68-834c-3da4bc9878da/logs/
COAD/08ef38c6-068b-420d-b629-d7778492c0a9/
COAD/08ef38c6-068b-420d-b629-d7778492c0a9/TCGA-AA-3664-01Z-00-DX1.bd07e7ef-0acb-43d8-a4f6-15b3442d2ed5.svs
COAD/08ef38c6-068b-420d-b629-d7778492c0a9/logs/
COAD/098102b9-668a-4743-b8b8-b0f1e1bd345c/
COAD/098102b9-668a-4743-b8b8-b0f1e1bd345c/TCGA-AD-A5EK-01Z-00-DX1.709B3557-3E24-4CAB-8CD6-604C9438BC12.svs
COAD/098102b9-668a-4743-b8b8-b0f1e1bd345c/logs/
COAD/09b18cbc-7c10-4b9f-af6b-4dd8c2e8218a/
COAD/09b18cbc-7c10-4b9f-af6b-4dd8c2e8218a/TCGA-A6-6654-01Z-00-DX1.ed491b61-7c44-4275-879b-22f8007b5ff1.svs
COAD/09b18cbc-7c10-4b9f-af6b-4dd8c2e8218a/logs/
COAD/0acc3fcf-1209-4824-8d25-e4d0c0f2ac1b/
COAD/0acc3fcf-1209-4824-8d25-e4d0c0f2ac1b/TCGA-A6-2674-01Z-00-DX1.d301f1f5-6f4a-49e6-9c93-f4e8b7f616b8.svs
COAD/0acc3fcf-1209-4824-8d25-e4d0c0f2ac1b/logs/
COAD/0b55ba87-0994-4679-9d1c-6cc3ddfd3078/
COAD/0b55ba87-0994-4679-9d1c-6cc3ddfd3078/TCGA-A6-5662-01Z-00-DX1.82569684-1c31-4346-af9b-c296a020f624.svs
COAD/0b55ba87-0994-4679-9d1c-6cc3ddfd3078/logs/
COAD/0b9fadfc-f3ba-4af2-899c-bf804369fd55/
COAD/0b9fadfc-f3ba-4af2-899c-bf804369fd55/TCGA-A6-A567-01Z-00-DX1.F941874E-9BF7-4E8B-908C-41A638D62275.svs
COAD/0b9fadfc-f3ba-4af2-899c-bf804369fd55/logs/
COAD/0bd355d5-4062-42ba-88e4-30af0dd8f1e6/
COAD/0bd355d5-4062-42ba-88e4-30af0dd8f1e6/TCGA-AA-3941-01Z-00-DX1.7c445fb8-53ee-4813-9ca8-8f7c3cc0bdde.svs
COAD/0bd355d5-4062-42ba-88e4-30af0dd8f1e6/logs/
COAD/0bdf189f-bfe3-4587-8303-d1905a3822e4/
COAD/0bdf189f-bfe3-4587-8303-d1905a3822e4/TCGA-F4-6856-01Z-00-DX1.2872c7b5-b94d-4147-ad90-69f88668135a.svs
COAD/0bdf189f-bfe3-4587-8303-d1905a3822e4/logs/
COAD/0c59c32a-ce9a-4557-be21-90d72ddc34b4/
COAD/0c59c32a-ce9a-4557-be21-90d72ddc34b4/TCGA-AU-3779-01Z-00-DX1.4134005A-8A79-46DC-8737-B3C8AAC2DFCA.svs
COAD/0c59c32a-ce9a-4557-be21-90d72ddc34b4/logs/
COAD/0dc16a72-93b4-4c47-b58b-dec3979085b9/
COAD/0dc16a72-93b4-4c47-b58b-dec3979085b9/TCGA-CK-5912-01Z-00-DX1.23a955f3-a1ed-4cb3-8e49-cbb3f789f3f5.svs
COAD/0dc16a72-93b4-4c47-b58b-dec3979085b9/logs/
COAD/0e5316aa-c726-46e3-881b-c2bf918c1231/
COAD/0e5316aa-c726-46e3-881b-c2bf918c1231/TCGA-DM-A285-01Z-00-DX1.219e2829-8ffd-4b51-adce-cfd48293191b.svs
COAD/0e5316aa-c726-46e3-881b-c2bf918c1231/logs/
COAD/0e720a10-f234-41ae-b885-dc32e86778db/
COAD/0e720a10-f234-41ae-b885-dc32e86778db/TCGA-AA-3949-01Z-00-DX1.23748e80-0d7e-4238-8b29-f74cddae8596.svs
COAD/0e720a10-f234-41ae-b885-dc32e86778db/logs/
COAD/0ecb2d7b-0a69-46ce-80d6-1be65cec3cc7/
COAD/0ecb2d7b-0a69-46ce-80d6-1be65cec3cc7/TCGA-AA-3524-01Z-00-DX1.b1aae264-87be-4514-8f9d-25660b39caa7.svs
COAD/0ecb2d7b-0a69-46ce-80d6-1be65cec3cc7/logs/
COAD/0eced714-3cec-43d5-a956-72f7ab15cb94/
COAD/0eced714-3cec-43d5-a956-72f7ab15cb94/TCGA-G4-6588-01Z-00-DX1.0747172e-f630-4b7c-9341-55078585ae00.svs
COAD/0eced714-3cec-43d5-a956-72f7ab15cb94/logs/
COAD/103810e8-c721-4242-b729-270097a23469/
COAD/103810e8-c721-4242-b729-270097a23469/TCGA-A6-5665-01Z-00-DX1.3ad2c249-d138-4037-a59b-4747ce2b789a.svs
COAD/103810e8-c721-4242-b729-270097a23469/logs/
COAD/10b38301-6ac8-40a9-ae81-b2ecf64a5d3c/
COAD/10b38301-6ac8-40a9-ae81-b2ecf64a5d3c/TCGA-AA-3531-01Z-00-DX1.19cdaa4b-5a53-4198-90da-5800827d90bf.svs
COAD/10b38301-6ac8-40a9-ae81-b2ecf64a5d3c/logs/
COAD/10efa9de-0389-4ecf-8297-cce33b2dc6c9/
COAD/10efa9de-0389-4ecf-8297-cce33b2dc6c9/TCGA-A6-4105-01Z-00-DX1.228b02a5-04fa-4392-bf03-b297c19665c3.svs
COAD/10efa9de-0389-4ecf-8297-cce33b2dc6c9/logs/
COAD/11489c71-5516-4ca3-8256-4c91ac223e20/
COAD/11489c71-5516-4ca3-8256-4c91ac223e20/TCGA-D5-6926-01Z-00-DX1.3830423a-3587-432b-9a6c-84f838e49fe6.svs
COAD/11489c71-5516-4ca3-8256-4c91ac223e20/logs/
COAD/115cba1c-9950-4067-a213-3f7963b51960/
COAD/115cba1c-9950-4067-a213-3f7963b51960/TCGA-AA-3869-01Z-00-DX1.ef8b8cf0-5de5-4475-ac37-286d58604a0f.svs
COAD/115cba1c-9950-4067-a213-3f7963b51960/logs/
COAD/128f36a1-0433-4533-87c3-743f13a586fe/
COAD/128f36a1-0433-4533-87c3-743f13a586fe/TCGA-AA-A01T-01Z-00-DX1.0C795296-87D6-4B90-9363-CF5CD7A2924D.svs
COAD/128f36a1-0433-4533-87c3-743f13a586fe/logs/
COAD/13943a8e-e3d3-4db4-9000-bc3a16666b56/
COAD/13943a8e-e3d3-4db4-9000-bc3a16666b56/TCGA-A6-A56B-01Z-00-DX1.52FE9FA5-05F1-49EA-98BE-887CF7B3A52F.svs
COAD/13943a8e-e3d3-4db4-9000-bc3a16666b56/logs/
COAD/13ea8b59-6628-4faa-8047-6628704c4636/
COAD/13ea8b59-6628-4faa-8047-6628704c4636/TCGA-AA-3986-01Z-00-DX1.db60e495-c0eb-416c-b65b-55ce62ed10b0.svs
COAD/13ea8b59-6628-4faa-8047-6628704c4636/logs/
COAD/158a9449-075b-4fba-a146-9d426d207b1e/
COAD/158a9449-075b-4fba-a146-9d426d207b1e/TCGA-CA-6717-01Z-00-DX1.08da75b7-a08f-46b3-a8c0-24f601ec4558.svs
COAD/158a9449-075b-4fba-a146-9d426d207b1e/logs/
COAD/15d3e243-669f-40e8-8c9c-8d039929172c/
COAD/15d3e243-669f-40e8-8c9c-8d039929172c/TCGA-AZ-6599-01Z-00-DX1.9d6aae3d-6934-4e96-8699-db41e1194f29.svs
COAD/15d3e243-669f-40e8-8c9c-8d039929172c/logs/
COAD/16a5bceb-dba9-4c63-92bf-a63c5901d0b6/
COAD/16a5bceb-dba9-4c63-92bf-a63c5901d0b6/TCGA-CK-4947-01Z-00-DX1.b257d5fd-b97b-4987-b088-77f044ca7fe2.svs
COAD/16a5bceb-dba9-4c63-92bf-a63c5901d0b6/logs/
COAD/16dd80c6-0980-48a3-af88-4bf03cf71fce/
COAD/16dd80c6-0980-48a3-af88-4bf03cf71fce/TCGA-A6-6651-01Z-00-DX1.09ad2d69-d71d-4fa2-9504-80557a053db4.svs
COAD/16dd80c6-0980-48a3-af88-4bf03cf71fce/logs/
COAD/176f2cac-68c9-42fd-bc5f-7d096ecdd069/
COAD/176f2cac-68c9-42fd-bc5f-7d096ecdd069/TCGA-AA-3977-01Z-00-DX1.08ffa326-08fd-4215-9bf7-81fcf33b4f5a.svs
COAD/176f2cac-68c9-42fd-bc5f-7d096ecdd069/logs/
COAD/17cfcc8c-49a4-48ce-a5e1-4a3c582ce198/
COAD/17cfcc8c-49a4-48ce-a5e1-4a3c582ce198/TCGA-AA-3837-01Z-00-DX1.5692e5c0-6dc2-45be-a5f5-00a907c5c824.svs
COAD/17cfcc8c-49a4-48ce-a5e1-4a3c582ce198/logs/
COAD/17eb2473-7018-474e-ad62-e95be30edcb1/
COAD/17eb2473-7018-474e-ad62-e95be30edcb1/TCGA-D5-6540-01Z-00-DX1.4ca9e502-959b-4fa8-a748-5fd0878e5c3f.svs
COAD/17eb2473-7018-474e-ad62-e95be30edcb1/logs/
COAD/1b2d9c2e-5f7e-44a7-bef5-9c6ffda97429/
COAD/1b2d9c2e-5f7e-44a7-bef5-9c6ffda97429/TCGA-CM-4744-01Z-00-DX1.527ead53-bd55-4321-adea-079bf5e2e8a5.svs
COAD/1b2d9c2e-5f7e-44a7-bef5-9c6ffda97429/logs/
COAD/1badcce0-68c4-44b0-9b4e-acbb94c3fe3b/
COAD/1badcce0-68c4-44b0-9b4e-acbb94c3fe3b/TCGA-F4-6703-01Z-00-DX1.28225f5d-d880-4605-831f-f22ec0272cde.svs
COAD/1badcce0-68c4-44b0-9b4e-acbb94c3fe3b/logs/
COAD/1ca35a8e-3911-4247-a906-832f3223e192/
COAD/1ca35a8e-3911-4247-a906-832f3223e192/TCGA-AA-3660-01Z-00-DX1.CCD0F50D-9991-4CC2-AC77-AD1F78D8CFEB.svs
COAD/1ca35a8e-3911-4247-a906-832f3223e192/logs/
COAD/1ce88052-f889-4630-871d-09de5c5ad369/
COAD/1ce88052-f889-4630-871d-09de5c5ad369/TCGA-NH-A6GB-01Z-00-DX1.AD90C375-54ED-4EE4-A537-59A2E3FE4BCD.svs
COAD/1ce88052-f889-4630-871d-09de5c5ad369/logs/
COAD/1e1d8d98-9965-4c8d-92dd-c88cfc6cce2c/
COAD/1e1d8d98-9965-4c8d-92dd-c88cfc6cce2c/TCGA-G4-6298-01Z-00-DX1.83055d52-71f7-46ec-be53-11d86b19b4cf.svs
